<?xml version="1.0" encoding="UTF-8"?>
<!-- Generated by org.testng.reporters.JUnitReportReporter -->
<testsuite hostname="QB-TP3-2221" failures="0" tests="1" name="TestNG.Grouping" time="0.007" errors="0" timestamp="2022-08-03T08:46:18 IST" skipped="0">
  <testcase classname="TestNG.Grouping" name="Testcase2" time="0.007"/>
  <system-out/>
</testsuite> <!-- TestNG.Grouping -->
