<?xml version="1.0" encoding="UTF-8"?>
<!-- Generated by org.testng.reporters.JUnitReportReporter -->
<testsuite hostname="QB-TP3-2221" failures="0" tests="4" name="TestNG.BasicAnotations" time="0.006" errors="0" timestamp="2022-08-02T08:49:12 IST" skipped="0">
  <testcase classname="TestNG.BasicAnotations" name="testCase04" time="0.000"/>
  <system-out/>
  <testcase classname="TestNG.BasicAnotations" name="testCase01" time="0.004"/>
  <system-out/>
  <testcase classname="TestNG.BasicAnotations" name="testCase02" time="0.001"/>
  <system-out/>
  <testcase classname="TestNG.BasicAnotations" name="testCase03" time="0.001"/>
  <system-out/>
</testsuite> <!-- TestNG.BasicAnotations -->
