<?xml version="1.0" encoding="UTF-8"?>
<!-- Generated by org.testng.reporters.JUnitReportReporter -->
<testsuite hostname="QB-TP3-2221" failures="0" tests="1" name="Testcases.LoginTestcase" time="9.403" errors="0" timestamp="2022-08-05T09:04:52 IST" skipped="0">
  <testcase classname="Testcases.LoginTestcase" name="testlogin_func_Verification" time="9.403"/>
  <system-out/>
</testsuite> <!-- Testcases.LoginTestcase -->
