<?xml version="1.0" encoding="UTF-8"?>
<!-- Generated by org.testng.reporters.JUnitReportReporter -->
<testsuite hostname="QB-TP3-2221" failures="0" tests="3" name="Assignments.Assertassignment" time="19.532" errors="0" timestamp="2022-07-29T17:29:20 IST" skipped="0">
  <testcase classname="Assignments.Assertassignment" name="search_reset_text" time="5.878"/>
  <system-out/>
  <testcase classname="Assignments.Assertassignment" name="background_color_search" time="5.644"/>
  <system-out/>
  <testcase classname="Assignments.Assertassignment" name="toolTipValidation" time="8.010"/>
  <system-out/>
</testsuite> <!-- Assignments.Assertassignment -->
