<?xml version="1.0" encoding="UTF-8"?>
<!-- Generated by org.testng.reporters.JUnitReportReporter -->
<testsuite hostname="QB-TP3-2221" failures="0" tests="4" name="TestNG.DataproviderTesting" time="0.009" errors="0" timestamp="2022-08-25T15:26:38 IST" skipped="0">
  <testcase classname="TestNG.DataproviderTesting" name="testCase01" time="0.001"/>
  <system-out/>
  <testcase classname="TestNG.DataproviderTesting" name="testCase01" time="0.006"/>
  <system-out/>
  <testcase classname="TestNG.DataproviderTesting" name="testCase01" time="0.001"/>
  <system-out/>
  <testcase classname="TestNG.DataproviderTesting" name="testCase01" time="0.001"/>
  <system-out/>
</testsuite> <!-- TestNG.DataproviderTesting -->
