<?xml version="1.0" encoding="UTF-8"?>
<!-- Generated by org.testng.reporters.JUnitReportReporter -->
<testsuite hostname="QB-TP3-2221" failures="0" tests="3" name="Testcases.Assignmenttestcase" time="23.378" errors="0" timestamp="2022-08-08T18:13:32 IST" skipped="0">
  <testcase classname="Testcases.Assignmenttestcase" name="workerspageStringValidation" time="6.964"/>
  <system-out/>
  <testcase classname="Testcases.Assignmenttestcase" name="clientTabButtoncolorValidation" time="9.683"/>
  <system-out/>
  <testcase classname="Testcases.Assignmenttestcase" name="deductiontabtitleValidation" time="6.731"/>
  <system-out/>
</testsuite> <!-- Testcases.Assignmenttestcase -->
