<?xml version="1.0" encoding="UTF-8"?>
<!-- Generated by org.testng.reporters.JUnitReportReporter -->
<testsuite hostname="QB-TP3-2221" failures="0" tests="4" name="TestNG.BasicsCommands" time="0.009" errors="0" timestamp="2022-07-28T09:07:09 IST" skipped="0">
  <testcase classname="TestNG.BasicsCommands" name="testCase04" time="0.001"/>
  <system-out/>
  <testcase classname="TestNG.BasicsCommands" name="testCase03" time="0.001"/>
  <system-out/>
  <testcase classname="TestNG.BasicsCommands" name="testCase02" time="0.006"/>
  <system-out/>
  <testcase classname="TestNG.BasicsCommands" name="testCase01" time="0.001"/>
  <system-out/>
</testsuite> <!-- TestNG.BasicsCommands -->
